Vivado Simulator 2017.4
Time resolution is 1 ps
Warning: NUMERIC_STD."<=": metavalue detected, returning FALSE
Time: 0 ps  Iteration: 0  Process: /top_level_tb/uut/ctrl_datapath/datapath/alu/line__49  File: C:/Users/17389/Desktop/Electronic Engineering Department/Digital Design/Lab/Part5/Part5.srcs/sources_1/imports/project4_vhd/ALU.vhd
Warning: NUMERIC_STD."=": metavalue detected, returning FALSE
Time: 0 ps  Iteration: 0  Process: /top_level_tb/uut/ctrl_datapath/datapath/alu/line__46  File: C:/Users/17389/Desktop/Electronic Engineering Department/Digital Design/Lab/Part5/Part5.srcs/sources_1/imports/project4_vhd/ALU.vhd
Warning: NUMERIC_STD."=": metavalue detected, returning FALSE
Time: 0 ps  Iteration: 0  Process: /top_level_tb/uut/ctrl_datapath/datapath/alu/line__44  File: C:/Users/17389/Desktop/Electronic Engineering Department/Digital Design/Lab/Part5/Part5.srcs/sources_1/imports/project4_vhd/ALU.vhd
Warning: NUMERIC_STD."=": metavalue detected, returning FALSE
Time: 0 ps  Iteration: 2  Process: /top_level_tb/uut/ctrl_datapath/datapath/alu/line__44  File: C:/Users/17389/Desktop/Electronic Engineering Department/Digital Design/Lab/Part5/Part5.srcs/sources_1/imports/project4_vhd/ALU.vhd
Warning: NUMERIC_STD."=": metavalue detected, returning FALSE
Time: 0 ps  Iteration: 2  Process: /top_level_tb/uut/ctrl_datapath/datapath/alu/line__46  File: C:/Users/17389/Desktop/Electronic Engineering Department/Digital Design/Lab/Part5/Part5.srcs/sources_1/imports/project4_vhd/ALU.vhd
Warning: NUMERIC_STD."<=": metavalue detected, returning FALSE
Time: 0 ps  Iteration: 2  Process: /top_level_tb/uut/ctrl_datapath/datapath/alu/line__49  File: C:/Users/17389/Desktop/Electronic Engineering Department/Digital Design/Lab/Part5/Part5.srcs/sources_1/imports/project4_vhd/ALU.vhd
Warning: NUMERIC_STD."<=": metavalue detected, returning FALSE
Time: 0 ps  Iteration: 0  Process: /top_level_tb/uut/ctrl_datapath/datapath/alu/line__49  File: C:/Users/17389/Desktop/Electronic Engineering Department/Digital Design/Lab/Part5/Part5.srcs/sources_1/imports/project4_vhd/ALU.vhd
Warning: NUMERIC_STD."=": metavalue detected, returning FALSE
Time: 0 ps  Iteration: 0  Process: /top_level_tb/uut/ctrl_datapath/datapath/alu/line__46  File: C:/Users/17389/Desktop/Electronic Engineering Department/Digital Design/Lab/Part5/Part5.srcs/sources_1/imports/project4_vhd/ALU.vhd
Warning: NUMERIC_STD."=": metavalue detected, returning FALSE
Time: 0 ps  Iteration: 0  Process: /top_level_tb/uut/ctrl_datapath/datapath/alu/line__44  File: C:/Users/17389/Desktop/Electronic Engineering Department/Digital Design/Lab/Part5/Part5.srcs/sources_1/imports/project4_vhd/ALU.vhd
Warning: NUMERIC_STD."=": metavalue detected, returning FALSE
Time: 0 ps  Iteration: 2  Process: /top_level_tb/uut/ctrl_datapath/datapath/alu/line__44  File: C:/Users/17389/Desktop/Electronic Engineering Department/Digital Design/Lab/Part5/Part5.srcs/sources_1/imports/project4_vhd/ALU.vhd
Warning: NUMERIC_STD."=": metavalue detected, returning FALSE
Time: 0 ps  Iteration: 2  Process: /top_level_tb/uut/ctrl_datapath/datapath/alu/line__46  File: C:/Users/17389/Desktop/Electronic Engineering Department/Digital Design/Lab/Part5/Part5.srcs/sources_1/imports/project4_vhd/ALU.vhd
Warning: NUMERIC_STD."<=": metavalue detected, returning FALSE
Time: 0 ps  Iteration: 2  Process: /top_level_tb/uut/ctrl_datapath/datapath/alu/line__49  File: C:/Users/17389/Desktop/Electronic Engineering Department/Digital Design/Lab/Part5/Part5.srcs/sources_1/imports/project4_vhd/ALU.vhd
